\BOOKMARK [1][]{section.0.1}{0.1\040Einleitung\040f\374r\040Mathematiker}{}% 1
\BOOKMARK [1][]{section.0.2}{0.2\040Einleitung\040f\374r\040Physiker}{}% 2
\BOOKMARK [1][]{section.0.3}{0.3\040Fouriertransformation,\040mikrolokale\040Analysis\040und\040all\040die\040Mathematik}{}% 3
\BOOKMARK [2][]{subsection.0.3.1}{0.3.1\040Nomenklatur\040und\0402\040Pi\040=\0401}{section.0.3}% 4
\BOOKMARK [2][]{subsection.0.3.2}{0.3.2\040Die\040Wellenfrontmenge}{section.0.3}% 5
\BOOKMARK [1][]{section.0.4}{0.4\040Zweipunktfunktionen,\040Sternprodukte\040und\040all\040die\040Physik}{}% 6
\BOOKMARK [2][]{subsection.0.4.1}{0.4.1\040Die\040Zweipunktfunktionen\040und\040warum\040wir\040sie\040potenzieren\040wollen}{section.0.4}% 7
\BOOKMARK [2][]{subsection.0.4.2}{0.4.2\040Sternprodukte\040und\040getwistete\040Faltungen}{section.0.4}% 8
\BOOKMARK [1][]{section.0.5}{0.5\040Wavelettransformation\040und\040die\040Wellenfrontmenge}{}% 9
\BOOKMARK [2][]{subsection.0.5.1}{0.5.1\040Wavelettransformation}{section.0.5}% 10
\BOOKMARK [2][]{subsection.0.5.2}{0.5.2\040Verallgemeinerte,\040gerichtete\040Wavelets}{section.0.5}% 11
\BOOKMARK [2][]{subsection.0.5.3}{0.5.3\040Konstruktion,\040Eigenschaften\040der\040Shearlets\040und\040ein\040wichtiger\040Satz}{section.0.5}% 12
\BOOKMARK [1][]{section.0.6}{0.6\040Beweis\040des\040Hauptsatzes}{}% 13
\BOOKMARK [1][]{section.0.7}{0.7\040Zwei\040n\374tzliche\040Substitutionen}{}% 14
\BOOKMARK [1][]{section.0.8}{0.8\040Die\040Wellenfrontmenge\040von\040Delta\040m}{}% 15
\BOOKMARK [2][]{subsection.0.8.1}{0.8.1\040Zusammenfassung\040und\040Vergleich\040der\040Ergebnisse}{section.0.8}% 16
\BOOKMARK [1][]{section.0.9}{0.9\040Die\040Wellenfrontmenge\040der\040Heaviside-Funktion}{}% 17
\BOOKMARK [2][]{subsection.0.9.1}{0.9.1\040Zusammenfassung\040und\040Vergleich\040der\040Ergebnisse}{section.0.9}% 18
\BOOKMARK [1][]{section.0.10}{0.10\040Wellenfrontmenge\040von\040delta\040m}{}% 19
\BOOKMARK [2][]{subsection.0.10.1}{0.10.1\040Die\040massive\040Zweipunktfunktion\040quadrieren}{section.0.10}% 20
\BOOKMARK [2][]{subsection.0.10.2}{0.10.2\040\203und\040nun\040zur\040Wellenfrontmenge}{section.0.10}% 21
\BOOKMARK [2][]{subsection.0.10.3}{0.10.3\040Zusammenfassung\040und\040Vergleich\040der\040Ergebnisse}{section.0.10}% 22
\BOOKMARK [1][]{section.0.11}{0.11\040Die\040Wellenfrontmenge\040der\040getwisteten\040Zweipunktfunktion}{}% 23
\BOOKMARK [2][]{subsection.0.11.1}{0.11.1\040Die\040getwistete\040Zweipunktfunktion\040berechnen}{section.0.11}% 24
\BOOKMARK [2][]{subsection.0.11.2}{0.11.2\040...\040und\040nun\040zur\040Wellenfrontmenge\040der\040getwisteten\040Zweipunktfunktion}{section.0.11}% 25
\BOOKMARK [2][]{subsection.0.11.3}{0.11.3\040Zusammenfassung\040und\040Vergleich\040der\040Ergebnisse}{section.0.11}% 26
\BOOKMARK [1][]{section.0.12}{0.12\040Berechnen\040von\040WF\(Gf\)}{}% 27
\BOOKMARK [2][]{subsection.0.12.1}{0.12.1\040Ausdr\374cke\040f\374r\040psi\040ast,\040gf}{section.0.12}% 28
\BOOKMARK [2][]{subsection.0.12.2}{0.12.2\040Zusammenfassung\040und\040Vergleich\040der\040Ergebnisse}{section.0.12}% 29
\BOOKMARK [1][]{section.0.13}{0.13\040Ausblick}{}% 30
\BOOKMARK [2][]{subsection.0.13.1}{0.13.1\040Ausdehnen\040auf\040Distributionen}{section.0.13}% 31
\BOOKMARK [2][]{subsection.0.13.2}{0.13.2\040H\366rmanders\040Kriterium\040abschw\344chen}{section.0.13}% 32
\BOOKMARK [2][]{subsection.0.13.3}{0.13.3\040H\366herdimensionale\040Shearlets}{section.0.13}% 33
\BOOKMARK [2][]{subsection.0.13.4}{0.13.4\040Berechnung\040des\040Skalengrads\040mittels\040Shearlets}{section.0.13}% 34
\BOOKMARK [1][]{section.0.14}{0.14\040Fazit\040f\374r\040Physiker}{}% 35
\BOOKMARK [1][]{section.0.15}{0.15\040Fazit\040f\374r\040Mathematiker}{}% 36
